<?xml version="1.0" encoding="UTF-8"?>
<!-- Generated by org.testng.reporters.JUnitReportReporter -->
<testsuite hostname="SEVEN-BITS" failures="0" tests="1" name="com.luma.testcases.HomePageTest" time="23.794" errors="0" timestamp="2023-02-08T18:25:47 IST" skipped="0">
  <testcase classname="com.luma.testcases.HomePageTest" name="listPageTest" time="23.794"/>
  <system-out/>
</testsuite> <!-- com.luma.testcases.HomePageTest -->
